[ 2025-05-18 20:10:32,303 ] 42 root - INFO - Start data Ingestion
[ 2025-05-18 20:10:33,719 ] 65 root - INFO - Performed train test split on the dataframe
[ 2025-05-18 20:10:33,719 ] 67 root - INFO - Exited split_data_as_train_test method of Data_Ingestion class
[ 2025-05-18 20:10:33,719 ] 75 root - INFO - Exporting train and test file path.
[ 2025-05-18 20:10:33,766 ] 84 root - INFO - Exported train and test file path.
[ 2025-05-18 20:10:33,766 ] 45 root - INFO - Data Ingestion completed and artifact: DataIngestionArtifact(trained_file_path='Artifacts\\05_18_2025_20_04_29\\data_ingestion\\ingested\\train.csv', test_file_path='Artifacts\\05_18_2025_20_04_29\\data_ingestion\\ingested\\test.csv')
[ 2025-05-18 20:10:33,766 ] 55 root - INFO - Initiate the data Validation
[ 2025-05-18 20:10:33,812 ] 32 root - INFO - Required number of columns:2
[ 2025-05-18 20:10:33,812 ] 33 root - INFO - Data frame has columns:31
[ 2025-05-18 20:10:33,812 ] 32 root - INFO - Required number of columns:2
[ 2025-05-18 20:10:33,812 ] 33 root - INFO - Data frame has columns:31
[ 2025-05-18 20:10:33,929 ] 63 root - INFO - Entered initiate_data_transformation method of DataTransformation class
[ 2025-05-18 20:10:33,929 ] 65 root - INFO - Starting data transformation
[ 2025-05-18 20:10:33,944 ] 48 root - INFO - Entered get_data_trnasformer_object method of Trnasformation class
[ 2025-05-18 20:10:33,944 ] 53 root - INFO - Initialise KNNImputer with {'missing_values': nan, 'n_neighbors': 3, 'weights': 'uniform'}
[ 2025-05-18 20:10:33,954 ] 46 root - INFO - Entered the save_object method of MainUtils class
[ 2025-05-18 20:10:33,956 ] 50 root - INFO - Exited the save_object method of MainUtils class
[ 2025-05-18 20:10:33,956 ] 46 root - INFO - Entered the save_object method of MainUtils class
[ 2025-05-18 20:10:33,958 ] 50 root - INFO - Exited the save_object method of MainUtils class
[ 2025-05-18 20:14:00,859 ] 46 root - INFO - Entered the save_object method of MainUtils class
[ 2025-05-18 20:14:00,859 ] 50 root - INFO - Exited the save_object method of MainUtils class
[ 2025-05-18 20:14:00,859 ] 46 root - INFO - Entered the save_object method of MainUtils class
[ 2025-05-18 20:14:00,891 ] 50 root - INFO - Exited the save_object method of MainUtils class
[ 2025-05-18 20:14:00,892 ] 147 root - INFO - Model trainer artifact: ModelTrainerArtifact(trained_model_file_path='Artifacts\\05_18_2025_20_04_29\\model_trainer\\trained_model\\model.pkl', train_metric_artifact=ClassificationMetricArtifact(f1_score=0.9909054163298302, precision_score=0.9899051080153443, recall_score=0.9919077483309731), test_metric_artifact=ClassificationMetricArtifact(f1_score=0.9719626168224299, precision_score=0.9591018444266239, recall_score=0.985172981878089))
