[ 2025-05-18 21:06:48,391 ] 42 root - INFO - Start data Ingestion
[ 2025-05-18 21:06:49,781 ] 65 root - INFO - Performed train test split on the dataframe
[ 2025-05-18 21:06:49,781 ] 67 root - INFO - Exited split_data_as_train_test method of Data_Ingestion class
[ 2025-05-18 21:06:49,781 ] 75 root - INFO - Exporting train and test file path.
[ 2025-05-18 21:06:49,822 ] 84 root - INFO - Exported train and test file path.
[ 2025-05-18 21:06:49,822 ] 45 root - INFO - Data Ingestion completed and artifact: DataIngestionArtifact(trained_file_path='Artifacts\\05_18_2025_21_05_00\\data_ingestion\\ingested\\train.csv', test_file_path='Artifacts\\05_18_2025_21_05_00\\data_ingestion\\ingested\\test.csv')
[ 2025-05-18 21:06:49,829 ] 55 root - INFO - Initiate the data Validation
[ 2025-05-18 21:06:49,898 ] 32 root - INFO - Required number of columns:2
[ 2025-05-18 21:06:49,898 ] 33 root - INFO - Data frame has columns:31
[ 2025-05-18 21:06:49,898 ] 32 root - INFO - Required number of columns:2
[ 2025-05-18 21:06:49,898 ] 33 root - INFO - Data frame has columns:31
[ 2025-05-18 21:06:50,044 ] 63 root - INFO - Entered initiate_data_transformation method of DataTransformation class
[ 2025-05-18 21:06:50,044 ] 65 root - INFO - Starting data transformation
[ 2025-05-18 21:06:50,066 ] 48 root - INFO - Entered get_data_trnasformer_object method of Trnasformation class
[ 2025-05-18 21:06:50,066 ] 53 root - INFO - Initialise KNNImputer with {'missing_values': nan, 'n_neighbors': 3, 'weights': 'uniform'}
[ 2025-05-18 21:06:50,076 ] 46 root - INFO - Entered the save_object method of MainUtils class
[ 2025-05-18 21:06:50,103 ] 50 root - INFO - Exited the save_object method of MainUtils class
[ 2025-05-18 21:06:50,103 ] 46 root - INFO - Entered the save_object method of MainUtils class
[ 2025-05-18 21:06:50,103 ] 50 root - INFO - Exited the save_object method of MainUtils class
[ 2025-05-18 21:10:07,594 ] 46 root - INFO - Entered the save_object method of MainUtils class
[ 2025-05-18 21:10:07,594 ] 50 root - INFO - Exited the save_object method of MainUtils class
[ 2025-05-18 21:10:07,594 ] 46 root - INFO - Entered the save_object method of MainUtils class
[ 2025-05-18 21:10:07,609 ] 50 root - INFO - Exited the save_object method of MainUtils class
[ 2025-05-18 21:10:07,609 ] 147 root - INFO - Model trainer artifact: ModelTrainerArtifact(trained_model_file_path='Artifacts\\05_18_2025_21_05_00\\model_trainer\\trained_model\\model.pkl', train_metric_artifact=ClassificationMetricArtifact(f1_score=0.9908555171713066, precision_score=0.9898497766950873, recall_score=0.9918633034987795), test_metric_artifact=ClassificationMetricArtifact(f1_score=0.9802975472456775, precision_score=0.978330658105939, recall_score=0.9822723609991942))
