[ 2025-05-18 14:53:28,380 ] 42 root - INFO - Start data Ingestion
[ 2025-05-18 14:53:32,296 ] 65 root - INFO - Performed train test split on the dataframe
[ 2025-05-18 14:53:32,296 ] 67 root - INFO - Exited split_data_as_train_test method of Data_Ingestion class
[ 2025-05-18 14:53:32,297 ] 75 root - INFO - Exporting train and test file path.
[ 2025-05-18 14:53:32,347 ] 84 root - INFO - Exported train and test file path.
[ 2025-05-18 14:53:32,347 ] 45 root - INFO - Data Ingestion completed and artifact: DataIngestionArtifact(trained_file_path='Artifacts\\05_18_2025_14_53_16\\data_ingestion\\ingested\\train.csv', test_file_path='Artifacts\\05_18_2025_14_53_16\\data_ingestion\\ingested\\test.csv')
[ 2025-05-18 14:53:32,352 ] 55 root - INFO - Initiate the data Validation
[ 2025-05-18 14:53:32,396 ] 32 root - INFO - Required number of columns:2
[ 2025-05-18 14:53:32,396 ] 33 root - INFO - Data frame has columns:31
[ 2025-05-18 14:53:32,396 ] 32 root - INFO - Required number of columns:2
[ 2025-05-18 14:53:32,396 ] 33 root - INFO - Data frame has columns:31
[ 2025-05-18 14:53:32,541 ] 63 root - INFO - Entered initiate_data_transformation method of DataTransformation class
[ 2025-05-18 14:53:32,541 ] 65 root - INFO - Starting data transformation
[ 2025-05-18 14:53:32,560 ] 48 root - INFO - Entered get_data_trnasformer_object method of Trnasformation class
[ 2025-05-18 14:53:32,560 ] 53 root - INFO - Initialise KNNImputer with {'missing_values': nan, 'n_neighbors': 3, 'weights': 'uniform'}
[ 2025-05-18 14:53:32,570 ] 46 root - INFO - Entered the save_object method of MainUtils class
[ 2025-05-18 14:53:32,572 ] 50 root - INFO - Exited the save_object method of MainUtils class
[ 2025-05-18 14:53:32,572 ] 46 root - INFO - Entered the save_object method of MainUtils class
[ 2025-05-18 14:53:32,573 ] 50 root - INFO - Exited the save_object method of MainUtils class
[ 2025-05-18 14:56:48,861 ] 46 root - INFO - Entered the save_object method of MainUtils class
[ 2025-05-18 14:56:48,862 ] 50 root - INFO - Exited the save_object method of MainUtils class
[ 2025-05-18 14:56:48,862 ] 46 root - INFO - Entered the save_object method of MainUtils class
[ 2025-05-18 14:56:48,866 ] 50 root - INFO - Exited the save_object method of MainUtils class
[ 2025-05-18 14:56:48,866 ] 147 root - INFO - Model trainer artifact: ModelTrainerArtifact(trained_model_file_path='Artifacts\\05_18_2025_14_53_16\\model_trainer\\trained_model\\model.pkl', train_metric_artifact=ClassificationMetricArtifact(f1_score=0.9905765528422332, precision_score=0.9896740230815955, recall_score=0.9914807302231238), test_metric_artifact=ClassificationMetricArtifact(f1_score=0.9760843129306851, precision_score=0.9709677419354839, recall_score=0.9812550937245313))
