[ 2025-05-18 20:24:47,987 ] 42 root - INFO - Start data Ingestion
[ 2025-05-18 20:24:49,429 ] 65 root - INFO - Performed train test split on the dataframe
[ 2025-05-18 20:24:49,429 ] 67 root - INFO - Exited split_data_as_train_test method of Data_Ingestion class
[ 2025-05-18 20:24:49,429 ] 75 root - INFO - Exporting train and test file path.
[ 2025-05-18 20:24:49,483 ] 84 root - INFO - Exported train and test file path.
[ 2025-05-18 20:24:49,483 ] 45 root - INFO - Data Ingestion completed and artifact: DataIngestionArtifact(trained_file_path='Artifacts\\05_18_2025_20_23_30\\data_ingestion\\ingested\\train.csv', test_file_path='Artifacts\\05_18_2025_20_23_30\\data_ingestion\\ingested\\test.csv')
[ 2025-05-18 20:24:49,485 ] 55 root - INFO - Initiate the data Validation
[ 2025-05-18 20:24:49,541 ] 32 root - INFO - Required number of columns:2
[ 2025-05-18 20:24:49,542 ] 33 root - INFO - Data frame has columns:31
[ 2025-05-18 20:24:49,542 ] 32 root - INFO - Required number of columns:2
[ 2025-05-18 20:24:49,542 ] 33 root - INFO - Data frame has columns:31
[ 2025-05-18 20:24:49,665 ] 63 root - INFO - Entered initiate_data_transformation method of DataTransformation class
[ 2025-05-18 20:24:49,665 ] 65 root - INFO - Starting data transformation
[ 2025-05-18 20:24:49,687 ] 48 root - INFO - Entered get_data_trnasformer_object method of Trnasformation class
[ 2025-05-18 20:24:49,687 ] 53 root - INFO - Initialise KNNImputer with {'missing_values': nan, 'n_neighbors': 3, 'weights': 'uniform'}
[ 2025-05-18 20:24:49,696 ] 46 root - INFO - Entered the save_object method of MainUtils class
[ 2025-05-18 20:24:49,698 ] 50 root - INFO - Exited the save_object method of MainUtils class
[ 2025-05-18 20:24:49,698 ] 46 root - INFO - Entered the save_object method of MainUtils class
[ 2025-05-18 20:24:49,700 ] 50 root - INFO - Exited the save_object method of MainUtils class
[ 2025-05-18 20:28:16,824 ] 46 root - INFO - Entered the save_object method of MainUtils class
[ 2025-05-18 20:28:16,824 ] 50 root - INFO - Exited the save_object method of MainUtils class
[ 2025-05-18 20:28:16,824 ] 46 root - INFO - Entered the save_object method of MainUtils class
[ 2025-05-18 20:28:16,860 ] 50 root - INFO - Exited the save_object method of MainUtils class
[ 2025-05-18 20:28:16,865 ] 147 root - INFO - Model trainer artifact: ModelTrainerArtifact(trained_model_file_path='Artifacts\\05_18_2025_20_23_30\\model_trainer\\trained_model\\model.pkl', train_metric_artifact=ClassificationMetricArtifact(f1_score=0.9910146390711762, precision_score=0.9899152884227511, recall_score=0.992116434202547), test_metric_artifact=ClassificationMetricArtifact(f1_score=0.971240755957272, precision_score=0.9656862745098039, recall_score=0.9768595041322314))
[ 2025-05-18 20:32:18,687 ] 213 root - ERROR - Error in prediction: No columns to parse from file
[ 2025-05-18 20:32:24,553 ] 213 root - ERROR - Error in prediction: No columns to parse from file
[ 2025-05-18 20:33:11,781 ] 213 root - ERROR - Error in prediction: No columns to parse from file
