[ 2025-05-18 20:48:54,396 ] 42 root - INFO - Start data Ingestion
[ 2025-05-18 20:48:55,797 ] 65 root - INFO - Performed train test split on the dataframe
[ 2025-05-18 20:48:55,797 ] 67 root - INFO - Exited split_data_as_train_test method of Data_Ingestion class
[ 2025-05-18 20:48:55,797 ] 75 root - INFO - Exporting train and test file path.
[ 2025-05-18 20:48:55,844 ] 84 root - INFO - Exported train and test file path.
[ 2025-05-18 20:48:55,844 ] 45 root - INFO - Data Ingestion completed and artifact: DataIngestionArtifact(trained_file_path='Artifacts\\05_18_2025_20_48_35\\data_ingestion\\ingested\\train.csv', test_file_path='Artifacts\\05_18_2025_20_48_35\\data_ingestion\\ingested\\test.csv')
[ 2025-05-18 20:48:55,844 ] 55 root - INFO - Initiate the data Validation
[ 2025-05-18 20:48:55,893 ] 32 root - INFO - Required number of columns:2
[ 2025-05-18 20:48:55,893 ] 33 root - INFO - Data frame has columns:31
[ 2025-05-18 20:48:55,893 ] 32 root - INFO - Required number of columns:2
[ 2025-05-18 20:48:55,893 ] 33 root - INFO - Data frame has columns:31
[ 2025-05-18 20:48:56,015 ] 63 root - INFO - Entered initiate_data_transformation method of DataTransformation class
[ 2025-05-18 20:48:56,015 ] 65 root - INFO - Starting data transformation
[ 2025-05-18 20:48:56,032 ] 48 root - INFO - Entered get_data_trnasformer_object method of Trnasformation class
[ 2025-05-18 20:48:56,032 ] 53 root - INFO - Initialise KNNImputer with {'missing_values': nan, 'n_neighbors': 3, 'weights': 'uniform'}
[ 2025-05-18 20:48:56,032 ] 46 root - INFO - Entered the save_object method of MainUtils class
[ 2025-05-18 20:48:56,032 ] 50 root - INFO - Exited the save_object method of MainUtils class
[ 2025-05-18 20:48:56,032 ] 46 root - INFO - Entered the save_object method of MainUtils class
[ 2025-05-18 20:48:56,032 ] 50 root - INFO - Exited the save_object method of MainUtils class
[ 2025-05-18 20:52:04,871 ] 46 root - INFO - Entered the save_object method of MainUtils class
[ 2025-05-18 20:52:04,871 ] 50 root - INFO - Exited the save_object method of MainUtils class
[ 2025-05-18 20:52:04,871 ] 46 root - INFO - Entered the save_object method of MainUtils class
[ 2025-05-18 20:52:04,891 ] 50 root - INFO - Exited the save_object method of MainUtils class
[ 2025-05-18 20:52:04,891 ] 147 root - INFO - Model trainer artifact: ModelTrainerArtifact(trained_model_file_path='Artifacts\\05_18_2025_20_48_35\\model_trainer\\trained_model\\model.pkl', train_metric_artifact=ClassificationMetricArtifact(f1_score=0.9910128243966475, precision_score=0.9877214170692431, recall_score=0.9943262411347518), test_metric_artifact=ClassificationMetricArtifact(f1_score=0.9744629104175111, precision_score=0.9654618473895582, recall_score=0.983633387888707))
[ 2025-05-18 20:55:39,737 ] 192 root - INFO - Received file: test2.csv, content_type: text/csv
[ 2025-05-18 20:55:39,738 ] 220 root - ERROR - Error in prediction: No columns to parse from file
[ 2025-05-18 21:02:57,670 ] 192 root - INFO - Received file: test2.csv, content_type: text/csv
[ 2025-05-18 21:02:57,670 ] 220 root - ERROR - Error in prediction: No columns to parse from file
[ 2025-05-18 21:03:29,726 ] 192 root - INFO - Received file: test.csv, content_type: text/csv
